********************************************************************************
product = WebSphere Application Server 19.0.0.8 (wlp-1.0.31.cl190820190813-1136)
wlp.install.dir = D:/GitHub/plants4was/sample.plantsbywebsphere/build/wlp/
java.home = C:\Program Files\Microsoft\jdk-11.0.16.101-hotspot
java.version = 11.0.16.1
java.runtime = OpenJDK Runtime Environment (11.0.16.1+1-LTS)
os = Windows 10 (10.0; amd64) (en_US)
process = 2640@LEGION
********************************************************************************
[8/9/24, 18:19:38:861 EDT] 00000001 com.ibm.ws.kernel.launch.internal.FrameworkManager           A CWWKE0001I: The server PlantsByWebSphereServer has been launched.
[8/9/24, 18:19:38:884 EDT] 00000001 com.ibm.ws.kernel.launch.internal.FrameworkManager           A CWWKE0100I: This product is licensed for development, and limited production use. The full license terms can be viewed here: https://public.dhe.ibm.com/ibmdl/export/pub/software/websphere/wasdev/license/base_ilan/ilan/19.0.0.8/lafiles/en.html
[8/9/24, 18:20:01:589 EDT] 00000001 com.ibm.ws.kernel.launch.internal.FrameworkManager           I CWWKE0002I: The kernel started after 23.033 seconds
[8/9/24, 18:20:02:746 EDT] 00000037 com.ibm.ws.kernel.feature.internal.FeatureManager            I CWWKF0007I: Feature update started.
[8/9/24, 18:20:09:570 EDT] 0000001f com.ibm.ws.security.ready.internal.SecurityReadyServiceImpl  I CWWKS0007I: The security service is starting...
[8/9/24, 18:20:09:728 EDT] 00000029 com.ibm.ws.app.manager.internal.monitor.DropinMonitor        A CWWKZ0058I: Monitoring dropins for applications.
[8/9/24, 18:20:09:877 EDT] 0000004c com.ibm.ws.tcpchannel.internal.TCPChannel                    I CWWKO0219I: TCP Channel defaultHttpEndpoint has been started and is now listening for requests on host 127.0.0.1  (IPv4: 127.0.0.1) port 9080.
[8/9/24, 18:20:09:955 EDT] 0000002d com.ibm.ws.ssl.config.WSKeyStore                             I CWPKI0802I: Creating the SSL certificate. This may take a few seconds.
[8/9/24, 18:20:09:973 EDT] 00000050 com.ibm.ws.security.token.ltpa.internal.LTPAKeyInfoManager   I CWWKS4103I: Creating the LTPA keys. This may take a few seconds.
[8/9/24, 18:20:09:990 EDT] 0000001f ibm.ws.security.authentication.internal.jaas.JAASServiceImpl I CWWKS1123I: The collective authentication plugin with class name NullCollectiveAuthenticationPlugin has been activated. 
[8/9/24, 18:20:10:191 EDT] 00000050 com.ibm.ws.security.token.ltpa.internal.LTPAKeyInfoManager   A CWWKS4104A: LTPA keys created in 0.218 seconds. LTPA key file: D:/GitHub/plants4was/sample.plantsbywebsphere/build/wlp/usr/servers/PlantsByWebSphereServer/resources/security/ltpa.keys
[8/9/24, 18:20:10:195 EDT] 00000050 com.ibm.ws.security.ready.internal.SecurityReadyServiceImpl  I CWWKS0008I: The security service is ready.
[8/9/24, 18:20:10:196 EDT] 00000050 com.ibm.ws.security.token.ltpa.internal.LTPAKeyCreateTask    I CWWKS4105I: LTPA configuration is ready after 0.227 seconds.
[8/9/24, 18:20:10:262 EDT] 0000001f com.ibm.ws.tcpchannel.internal.TCPChannel                    I CWWKO0219I: TCP Channel wasJmsEndpoint341 has been started and is now listening for requests on host 127.0.0.1  (IPv4: 127.0.0.1) port 7276.
[8/9/24, 18:20:10:883 EDT] 0000001f com.ibm.ws.sib.utils.ras.SibMessage                          I  CWSIS1553I: The minimum reserved size in the configuration information of the permanent store file is 20,971,520 bytes. The maximum size is 209,715,200 bytes.
[8/9/24, 18:20:10:932 EDT] 0000002d com.ibm.ws.ssl.config.WSKeyStore                             A CWPKI0803A: SSL certificate created in 0.977 seconds. SSL key file: D:/GitHub/plants4was/sample.plantsbywebsphere/build/wlp/usr/servers/PlantsByWebSphereServer/resources/security/key.p12
[8/9/24, 18:20:10:933 EDT] 0000002d com.ibm.ws.ssl.config.WSKeyStore                             I Successfully loaded default keystore: D:/GitHub/plants4was/sample.plantsbywebsphere/build/wlp/usr/servers/PlantsByWebSphereServer/resources/security/key.p12 of type: PKCS12
[8/9/24, 18:20:10:942 EDT] 0000001f com.ibm.ws.sib.utils.ras.SibMessage                          I  CWSIS1557I: The minimum reserved size in the configuration information of the temporary store file is 20,971,520 bytes. The maximum size is 209,715,200 bytes.
[8/9/24, 18:20:10:973 EDT] 0000002d com.ibm.ws.tcpchannel.internal.TCPChannel                    I CWWKO0219I: TCP Channel wasJmsEndpoint341-ssl has been started and is now listening for requests on host 127.0.0.1  (IPv4: 127.0.0.1) port 7286.
[8/9/24, 18:20:10:980 EDT] 0000005e com.ibm.ws.tcpchannel.internal.TCPChannel                    I CWWKO0219I: TCP Channel defaultHttpEndpoint-ssl has been started and is now listening for requests on host 127.0.0.1  (IPv4: 127.0.0.1) port 9443.
[8/9/24, 18:20:11:328 EDT] 0000001f com.ibm.ws.sib.utils.ras.SibMessage                          I  CWSID0108I: JMS server has started.  
[8/9/24, 18:20:11:425 EDT] 0000001f com.ibm.ws.security.jaspi.AuthConfigFactoryWrapper           I CWWKS1655I: The default Java Authentication SPI for Containers (JASPIC) AuthConfigFactory class com.ibm.ws.security.jaspi.ProviderRegistry is being used because the Java security property authconfigprovider.factory is not set. 
[8/9/24, 18:20:11:548 EDT] 0000001f org.apache.cxf.bus.osgi.CXFActivator                         I Adding the extensions from bundle com.ibm.ws.org.apache.cxf.cxf.rt.ws.addr.2.6.2 (190) [org.apache.cxf.ws.addressing.policy.AddressingAssertionBuilder, org.apache.cxf.ws.addressing.policy.UsingAddressingAssertionBuilder, org.apache.cxf.ws.addressing.policy.AddressingPolicyInterceptorProvider, org.apache.cxf.ws.addressing.impl.AddressingWSDLExtensionLoader, org.apache.cxf.ws.addressing.WSAddressingFeature$WSAddressingFeatureApplier, org.apache.cxf.ws.addressing.MAPAggregator$MAPAggregatorLoader]
[8/9/24, 18:20:11:551 EDT] 0000001f org.apache.cxf.bus.osgi.CXFActivator                         I Adding the extensions from bundle com.ibm.ws.org.apache.cxf.cxf.rt.bindings.soap.2.6.2 (194) [org.apache.cxf.binding.soap.SoapBindingFactory, org.apache.cxf.binding.soap.SoapTransportFactory]
[8/9/24, 18:20:11:553 EDT] 0000001f org.apache.cxf.bus.osgi.CXFActivator                         I Adding the extensions from bundle com.ibm.ws.org.apache.cxf.cxf.rt.bindings.xml.2.6.2 (201) [org.apache.cxf.binding.xml.XMLBindingFactory, org.apache.cxf.binding.xml.wsdl11.XMLWSDLExtensionLoader]
[8/9/24, 18:20:11:553 EDT] 0000001f org.apache.cxf.bus.osgi.CXFActivator                         I Adding the extensions from bundle com.ibm.ws.org.apache.cxf.cxf.rt.frontend.jaxws.2.6.2 (203) [org.apache.cxf.jaxws.context.WebServiceContextResourceResolver]
[8/9/24, 18:20:11:554 EDT] 0000001f org.apache.cxf.bus.osgi.CXFActivator                         I Adding the extensions from bundle com.ibm.ws.org.apache.cxf.cxf.rt.management.2.6.2 (205) [org.apache.cxf.management.InstrumentationManager]
[8/9/24, 18:20:11:555 EDT] 0000001f org.apache.cxf.bus.osgi.CXFActivator                         I Adding the extensions from bundle com.ibm.ws.org.apache.cxf.cxf.rt.transports.http.2.6.2 (210) [org.apache.cxf.transport.http.HTTPTransportFactory, org.apache.cxf.transport.http.HTTPWSDLExtensionLoader, org.apache.cxf.transport.http.policy.HTTPClientAssertionBuilder, org.apache.cxf.transport.http.policy.HTTPServerAssertionBuilder, org.apache.cxf.transport.http.policy.NoOpPolicyInterceptorProvider]
[8/9/24, 18:20:11:556 EDT] 0000001f org.apache.cxf.bus.osgi.CXFActivator                         I Adding the extensions from bundle com.ibm.ws.org.apache.cxf.cxf.rt.ws.policy.2.6.2 (212) [org.apache.cxf.ws.policy.PolicyEngine, org.apache.cxf.policy.PolicyDataEngine, org.apache.cxf.ws.policy.AssertionBuilderRegistry, org.apache.cxf.ws.policy.PolicyInterceptorProviderRegistry, org.apache.cxf.ws.policy.PolicyBuilder, org.apache.cxf.ws.policy.PolicyAnnotationListener, org.apache.cxf.ws.policy.attachment.ServiceModelPolicyProvider, org.apache.cxf.ws.policy.attachment.external.DomainExpressionBuilderRegistry, org.apache.cxf.ws.policy.attachment.external.EndpointReferenceDomainExpressionBuilder, org.apache.cxf.ws.policy.attachment.wsdl11.Wsdl11AttachmentPolicyProvider, org.apache.cxf.ws.policy.mtom.MTOMAssertionBuilder, org.apache.cxf.ws.policy.mtom.MTOMPolicyInterceptorProvider]
[8/9/24, 18:20:11:884 EDT] 0000001f com.ibm.ws.cache.ServerCache                                 I DYNA1001I: WebSphere Dynamic Cache instance named baseCache initialized successfully.
[8/9/24, 18:20:11:885 EDT] 0000001f com.ibm.ws.cache.ServerCache                                 I DYNA1071I: The cache provider default is being used.
[8/9/24, 18:20:11:886 EDT] 0000001f com.ibm.ws.cache.CacheServiceImpl                            I DYNA1056I: Dynamic Cache (object cache) initialized successfully.
[8/9/24, 18:20:12:144 EDT] 00000021 com.ibm.ws.transport.iiop.internal.ORBWrapperInternal        A CWWKI0001I: The CORBA name server is now available at corbaloc:iiop:localhost:2809/NameService.
[8/9/24, 18:20:12:691 EDT] 00000038 com.ibm.ws.app.manager.AppMessageHelper                      I CWWKZ0018I: Starting application PlantsByWebSphere.
[8/9/24, 18:20:12:692 EDT] 00000038 bm.ws.app.manager.war.internal.WARDeployedAppInfoFactoryImpl I CWWKZ0133I: The PlantsByWebSphere application at the D:\GitHub\plants4was\sample.plantsbywebsphere\build\wlp\usr\servers\PlantsByWebSphereServer\dropins\PlantsByWebSphere.war location is being expanded to the D:\GitHub\plants4was\sample.plantsbywebsphere\build\wlp\usr\servers\PlantsByWebSphereServer\apps\expanded\PlantsByWebSphere.war directory.
[8/9/24, 18:20:13:198 EDT] 00000038 org.apache.cxf.management.jmx.InstrumentationManagerImpl     I registering MBean org.apache.cxf:bus.id=PlantsByWebSphere-Server-Bus,type=Bus,instance.id=195365184: org.apache.cxf.bus.ManagedBus@78f7cde5
[8/9/24, 18:20:13:208 EDT] 00000038 org.apache.cxf.management.jmx.InstrumentationManagerImpl     I registered org.apache.cxf:bus.id=PlantsByWebSphere-Server-Bus,type=Bus,instance.id=195365184
[8/9/24, 18:20:13:249 EDT] 00000038 org.apache.cxf.management.jmx.InstrumentationManagerImpl     I registering MBean org.apache.cxf:bus.id=PlantsByWebSphere-Server-Bus,WorkQueueManager=Bus.WorkQueueManager,type=WorkQueueManager,instance.id=888407110: org.apache.cxf.bus.managers.WorkQueueManagerImplMBeanWrapper@317ccf43
[8/9/24, 18:20:13:562 EDT] 00000038 com.ibm.ws.recoverylog.spi.RecoveryDirectorImpl              I CWRLS0010I: Performing recovery processing for local WebSphere server (PlantsByWebSphereServer).
[8/9/24, 18:20:13:574 EDT] 00000079 com.ibm.ws.recoverylog.spi.LogHandle                         I CWRLS0007I: No existing recovery log files found in /D:/GitHub/plants4was/sample.plantsbywebsphere/build/wlp/usr/servers/PlantsByWebSphereServer/tranlog/\tranlog. Cold starting the recovery log.
[8/9/24, 18:20:13:574 EDT] 00000079 com.ibm.ws.recoverylog.spi.LogFileHandle                     I CWRLS0006I: Creating new recovery log file /D:/GitHub/plants4was/sample.plantsbywebsphere/build/wlp/usr/servers/PlantsByWebSphereServer/tranlog/\tranlog\log1.
[8/9/24, 18:20:13:659 EDT] 00000079 com.ibm.ws.recoverylog.spi.LogFileHandle                     I CWRLS0006I: Creating new recovery log file /D:/GitHub/plants4was/sample.plantsbywebsphere/build/wlp/usr/servers/PlantsByWebSphereServer/tranlog/\tranlog\log2.
[8/9/24, 18:20:13:701 EDT] 00000079 com.ibm.ws.recoverylog.spi.LogHandle                         I CWRLS0007I: No existing recovery log files found in /D:/GitHub/plants4was/sample.plantsbywebsphere/build/wlp/usr/servers/PlantsByWebSphereServer/tranlog/\partnerlog. Cold starting the recovery log.
[8/9/24, 18:20:13:701 EDT] 00000079 com.ibm.ws.recoverylog.spi.LogFileHandle                     I CWRLS0006I: Creating new recovery log file /D:/GitHub/plants4was/sample.plantsbywebsphere/build/wlp/usr/servers/PlantsByWebSphereServer/tranlog/\partnerlog\log1.
[8/9/24, 18:20:13:734 EDT] 00000079 com.ibm.ws.recoverylog.spi.LogFileHandle                     I CWRLS0006I: Creating new recovery log file /D:/GitHub/plants4was/sample.plantsbywebsphere/build/wlp/usr/servers/PlantsByWebSphereServer/tranlog/\partnerlog\log2.
[8/9/24, 18:20:13:943 EDT] 00000038 com.ibm.ws.recoverylog.spi.RecoveryDirectorImpl              I CWRLS0012I: All persistent services have been directed to perform recovery processing for this WebSphere server (PlantsByWebSphereServer).
[8/9/24, 18:20:13:943 EDT] 00000079 com.ibm.tx.jta.impl.RecoveryManager                          I WTRN0135I: Transaction service recovering no transactions.
[8/9/24, 18:20:14:036 EDT] 00000038 SystemOut                                                    O [EL Info]: server: 2024-08-09 18:20:14.015--Detected server platform: org.eclipse.persistence.platform.server.was.WebSphere_Liberty_Platform.
[8/9/24, 18:20:14:308 EDT] 00000038 org.jboss.weld.Version                                       I WELD-000900: 2.4.8 (Final)
[8/9/24, 18:20:15:374 EDT] 00000038 com.ibm.ws.session.WASSessionCore                            I SESN8501I: The session manager did not find a persistent storage location; HttpSession objects will be stored in the local application server's memory.
[8/9/24, 18:20:15:381 EDT] 00000038 com.ibm.ws.ejbcontainer.osgi.internal.EJBRuntimeImpl         I CNTR4000I: The PlantsByWebSphere.war EJB module in the PlantsByWebSphere application is starting.
[8/9/24, 18:20:15:383 EDT] 00000038 com.ibm.ws.ejbcontainer.osgi.internal.EJBMDOrchestratorImpl  W CNTR0169E: The MailerBean enterprise bean, which is specified in the session binding within the PlantsByWebSphere.war module, does not exist.
[8/9/24, 18:20:15:386 EDT] 00000038 com.ibm.ws.ejbcontainer.runtime.AbstractEJBRuntime           I CNTR0167I: The server is binding the com.ibm.websphere.samples.pbw.bean.PopulateDBBean interface of the PopulateDBBean enterprise bean in the PlantsByWebSphere.war module of the PlantsByWebSphere application.  The binding location is: java:global/PlantsByWebSphere/PopulateDBBean!com.ibm.websphere.samples.pbw.bean.PopulateDBBean
[8/9/24, 18:20:15:513 EDT] 00000038 eclipselink.server                                           I CWWJP9990I: [eclipselink.server] Detected server platform: org.eclipse.persistence.platform.server.was.WebSphere_Liberty_Platform.
[8/9/24, 18:20:15:520 EDT] 00000038 eclipselink                                                  I CWWJP9990I: [eclipselink] EclipseLink, version: Eclipse Persistence Services - 2.6.8.WAS-v20190716-31d7cf7
[8/9/24, 18:20:16:139 EDT] 00000038 com.ibm.ws.rsadapter.impl.DatabaseHelper                     I DSRA8203I: Database product name : Apache Derby
[8/9/24, 18:20:16:140 EDT] 00000038 com.ibm.ws.rsadapter.impl.DatabaseHelper                     I DSRA8204I: Database product version : 10.11.1.1 - (1616546)
[8/9/24, 18:20:16:140 EDT] 00000038 com.ibm.ws.rsadapter.impl.DatabaseHelper                     I DSRA8205I: JDBC driver name  : Apache Derby Embedded JDBC Driver
[8/9/24, 18:20:16:140 EDT] 00000038 com.ibm.ws.rsadapter.impl.DatabaseHelper                     I DSRA8206I: JDBC driver version  : 10.11.1.1 - (1616546)
[8/9/24, 18:20:16:172 EDT] 00000038 com.ibm.ws.rsadapter.impl.DatabaseHelper                     I DSRA8203I: Database product name : Apache Derby
[8/9/24, 18:20:16:173 EDT] 00000038 com.ibm.ws.rsadapter.impl.DatabaseHelper                     I DSRA8204I: Database product version : 10.11.1.1 - (1616546)
[8/9/24, 18:20:16:173 EDT] 00000038 com.ibm.ws.rsadapter.impl.DatabaseHelper                     I DSRA8205I: JDBC driver name  : Apache Derby Embedded JDBC Driver
[8/9/24, 18:20:16:173 EDT] 00000038 com.ibm.ws.rsadapter.impl.DatabaseHelper                     I DSRA8206I: JDBC driver version  : 10.11.1.1 - (1616546)
[8/9/24, 18:20:16:246 EDT] 00000038 eclipselink.connection                                       I CWWJP9990I: [eclipselink.connection] PlantsByWebSphere/file:/D:/GitHub/plants4was/sample.plantsbywebsphere/build/wlp/usr/servers/PlantsByWebSphereServer/apps/expanded/PlantsByWebSphere.war/WEB-INF/classes/_PBW login successful
[8/9/24, 18:20:16:987 EDT] 00000038 SystemErr                                                    R java.lang.NullPointerException
[8/9/24, 18:20:16:987 EDT] 00000038 SystemErr                                                    R 	at java.base/java.util.StringTokenizer.<init>(StringTokenizer.java:199)
[8/9/24, 18:20:17:004 EDT] 00000038 SystemErr                                                    R 	at java.base/java.util.StringTokenizer.<init>(StringTokenizer.java:221)
[8/9/24, 18:20:17:005 EDT] 00000038 SystemErr                                                    R 	at com.ibm.websphere.samples.pbw.utils.Util.readTokens(Util.java:232)
[8/9/24, 18:20:17:005 EDT] 00000038 SystemErr                                                    R 	at com.ibm.websphere.samples.pbw.bean.ResetDBBean.populateDB(ResetDBBean.java:265)
[8/9/24, 18:20:17:005 EDT] 00000038 SystemErr                                                    R 	at com.ibm.websphere.samples.pbw.bean.ResetDBBean$Proxy$_$$_WeldSubclass.populateDB(Unknown Source)
[8/9/24, 18:20:17:005 EDT] 00000038 SystemErr                                                    R 	at com.ibm.websphere.samples.pbw.bean.PopulateDBBean.initDB(PopulateDBBean.java:20)
[8/9/24, 18:20:17:005 EDT] 00000038 SystemErr                                                    R 	at java.base/jdk.internal.reflect.NativeMethodAccessorImpl.invoke0(Native Method)
[8/9/24, 18:20:17:005 EDT] 00000038 SystemErr                                                    R 	at java.base/jdk.internal.reflect.NativeMethodAccessorImpl.invoke(NativeMethodAccessorImpl.java:62)
[8/9/24, 18:20:17:005 EDT] 00000038 SystemErr                                                    R 	at java.base/jdk.internal.reflect.DelegatingMethodAccessorImpl.invoke(DelegatingMethodAccessorImpl.java:43)
[8/9/24, 18:20:17:006 EDT] 00000038 SystemErr                                                    R 	at java.base/java.lang.reflect.Method.invoke(Method.java:566)
[8/9/24, 18:20:17:006 EDT] 00000038 SystemErr                                                    R 	at com.ibm.ejs.container.interceptors.InterceptorProxy.invokeInterceptor(InterceptorProxy.java:200)
[8/9/24, 18:20:17:006 EDT] 00000038 SystemErr                                                    R 	at com.ibm.ejs.container.interceptors.InvocationContextImpl.proceed(InvocationContextImpl.java:585)
[8/9/24, 18:20:17:006 EDT] 00000038 SystemErr                                                    R 	at com.ibm.ws.cdi.ejb.impl.InterceptorChain.proceed(InterceptorChain.java:119)
[8/9/24, 18:20:17:006 EDT] 00000038 SystemErr                                                    R 	at com.ibm.ws.cdi.ejb.impl.EJBCDIInterceptorWrapper.invokeInterceptors(EJBCDIInterceptorWrapper.java:131)
[8/9/24, 18:20:17:006 EDT] 00000038 SystemErr                                                    R 	at com.ibm.ws.cdi.ejb.impl.EJBCDIInterceptorWrapper.postConstruct(EJBCDIInterceptorWrapper.java:67)
[8/9/24, 18:20:17:006 EDT] 00000038 SystemErr                                                    R 	at java.base/jdk.internal.reflect.NativeMethodAccessorImpl.invoke0(Native Method)
[8/9/24, 18:20:17:006 EDT] 00000038 SystemErr                                                    R 	at java.base/jdk.internal.reflect.NativeMethodAccessorImpl.invoke(NativeMethodAccessorImpl.java:62)
[8/9/24, 18:20:17:006 EDT] 00000038 SystemErr                                                    R 	at java.base/jdk.internal.reflect.DelegatingMethodAccessorImpl.invoke(DelegatingMethodAccessorImpl.java:43)
[8/9/24, 18:20:17:006 EDT] 00000038 SystemErr                                                    R 	at java.base/java.lang.reflect.Method.invoke(Method.java:566)
[8/9/24, 18:20:17:007 EDT] 00000038 SystemErr                                                    R 	at com.ibm.ejs.container.interceptors.InterceptorProxy.invokeInterceptor(InterceptorProxy.java:189)
[8/9/24, 18:20:17:007 EDT] 00000038 SystemErr                                                    R 	at com.ibm.ejs.container.interceptors.InvocationContextImpl.proceed(InvocationContextImpl.java:577)
[8/9/24, 18:20:17:007 EDT] 00000038 SystemErr                                                    R 	at org.jboss.weld.ejb.AbstractEJBRequestScopeActivationInterceptor.aroundInvoke(AbstractEJBRequestScopeActivationInterceptor.java:73)
[8/9/24, 18:20:17:007 EDT] 00000038 SystemErr                                                    R 	at com.ibm.ws.cdi.ejb.interceptor.WeldSessionBeanInterceptorWrapper.aroundInvoke(WeldSessionBeanInterceptorWrapper.java:58)
[8/9/24, 18:20:17:007 EDT] 00000038 SystemErr                                                    R 	at com.ibm.ws.cdi.ejb.interceptor.WeldSessionBeanInterceptorWrapper.postConstruct(WeldSessionBeanInterceptorWrapper.java:67)
[8/9/24, 18:20:17:007 EDT] 00000038 SystemErr                                                    R 	at java.base/jdk.internal.reflect.NativeMethodAccessorImpl.invoke0(Native Method)
[8/9/24, 18:20:17:007 EDT] 00000038 SystemErr                                                    R 	at java.base/jdk.internal.reflect.NativeMethodAccessorImpl.invoke(NativeMethodAccessorImpl.java:62)
[8/9/24, 18:20:17:007 EDT] 00000038 SystemErr                                                    R 	at java.base/jdk.internal.reflect.DelegatingMethodAccessorImpl.invoke(DelegatingMethodAccessorImpl.java:43)
[8/9/24, 18:20:17:008 EDT] 00000038 SystemErr                                                    R 	at java.base/java.lang.reflect.Method.invoke(Method.java:566)
[8/9/24, 18:20:17:008 EDT] 00000038 SystemErr                                                    R 	at com.ibm.ejs.container.interceptors.InterceptorProxy.invokeInterceptor(InterceptorProxy.java:189)
[8/9/24, 18:20:17:008 EDT] 00000038 SystemErr                                                    R 	at com.ibm.ejs.container.interceptors.InvocationContextImpl.proceed(InvocationContextImpl.java:577)
[8/9/24, 18:20:17:008 EDT] 00000038 SystemErr                                                    R 	at com.ibm.ejs.container.interceptors.InvocationContextImpl.doLifeCycle(InvocationContextImpl.java:326)
[8/9/24, 18:20:17:008 EDT] 00000038 SystemErr                                                    R 	at com.ibm.ejs.container.SingletonBeanO.callTransactionalLifecycleInterceptors(SingletonBeanO.java:221)
[8/9/24, 18:20:17:008 EDT] 00000038 SystemErr                                                    R 	at com.ibm.ejs.container.SingletonBeanO.initialize(SingletonBeanO.java:307)
[8/9/24, 18:20:17:008 EDT] 00000038 SystemErr                                                    R 	at com.ibm.ejs.container.BeanOFactory.create(BeanOFactory.java:103)
[8/9/24, 18:20:17:008 EDT] 00000038 SystemErr                                                    R 	at com.ibm.ejs.container.EJSHome.createSingletonBeanO(EJSHome.java:3740)
[8/9/24, 18:20:17:009 EDT] 00000038 SystemErr                                                    R 	at com.ibm.ejs.csi.EJBApplicationMetaData.createStartupBeans(EJBApplicationMetaData.java:958)
[8/9/24, 18:20:17:009 EDT] 00000038 SystemErr                                                    R 	at com.ibm.ejs.csi.EJBApplicationMetaData.startedModule(EJBApplicationMetaData.java:679)
[8/9/24, 18:20:17:009 EDT] 00000038 SystemErr                                                    R 	at com.ibm.ws.ejbcontainer.osgi.internal.EJBRuntimeImpl.start(EJBRuntimeImpl.java:1009)
[8/9/24, 18:20:17:009 EDT] 00000038 SystemErr                                                    R 	at com.ibm.ws.ejbcontainer.osgi.internal.EJBContainerImpl.startEJBInWARModule(EJBContainerImpl.java:194)
[8/9/24, 18:20:17:009 EDT] 00000038 SystemErr                                                    R 	at com.ibm.ws.ejbcontainer.war.internal.EJBWARRuntimeImpl.moduleStarting(EJBWARRuntimeImpl.java:60)
[8/9/24, 18:20:17:009 EDT] 00000038 SystemErr                                                    R 	at com.ibm.ws.container.service.state.internal.ModuleStateManager.fireStarting(ModuleStateManager.java:28)
[8/9/24, 18:20:17:009 EDT] 00000038 SystemErr                                                    R 	at com.ibm.ws.container.service.state.internal.StateChangeServiceImpl.fireModuleStarting(StateChangeServiceImpl.java:80)
[8/9/24, 18:20:17:009 EDT] 00000038 SystemErr                                                    R 	at com.ibm.ws.app.manager.module.internal.ModuleHandlerBase.deployModule(ModuleHandlerBase.java:90)
[8/9/24, 18:20:17:010 EDT] 00000038 SystemErr                                                    R 	at com.ibm.ws.app.manager.module.internal.DeployedModuleInfoImpl.installModule(DeployedModuleInfoImpl.java:49)
[8/9/24, 18:20:17:010 EDT] 00000038 SystemErr                                                    R 	at com.ibm.ws.app.manager.module.internal.SimpleDeployedAppInfoBase.deployModules(SimpleDeployedAppInfoBase.java:578)
[8/9/24, 18:20:17:010 EDT] 00000038 SystemErr                                                    R 	at com.ibm.ws.app.manager.module.internal.SimpleDeployedAppInfoBase.installApp(SimpleDeployedAppInfoBase.java:514)
[8/9/24, 18:20:17:010 EDT] 00000038 SystemErr                                                    R 	at com.ibm.ws.app.manager.module.internal.DeployedAppInfoBase.deployApp(DeployedAppInfoBase.java:347)
[8/9/24, 18:20:17:010 EDT] 00000038 SystemErr                                                    R 	at com.ibm.ws.app.manager.war.internal.WARApplicationHandlerImpl.install(WARApplicationHandlerImpl.java:65)
[8/9/24, 18:20:17:010 EDT] 00000038 SystemErr                                                    R 	at com.ibm.ws.app.manager.internal.statemachine.StartAction.execute(StartAction.java:140)
[8/9/24, 18:20:17:010 EDT] 00000038 SystemErr                                                    R 	at com.ibm.ws.app.manager.internal.statemachine.ApplicationStateMachineImpl.enterState(ApplicationStateMachineImpl.java:1266)
[8/9/24, 18:20:17:010 EDT] 00000038 SystemErr                                                    R 	at com.ibm.ws.app.manager.internal.statemachine.ApplicationStateMachineImpl.run(ApplicationStateMachineImpl.java:881)
[8/9/24, 18:20:17:010 EDT] 00000038 SystemErr                                                    R 	at com.ibm.ws.threading.internal.ExecutorServiceImpl$RunnableWrapper.run(ExecutorServiceImpl.java:239)
[8/9/24, 18:20:17:010 EDT] 00000038 SystemErr                                                    R 	at java.base/java.util.concurrent.ThreadPoolExecutor.runWorker(ThreadPoolExecutor.java:1128)
[8/9/24, 18:20:17:011 EDT] 00000038 SystemErr                                                    R 	at java.base/java.util.concurrent.ThreadPoolExecutor$Worker.run(ThreadPoolExecutor.java:628)
[8/9/24, 18:20:17:011 EDT] 00000038 SystemErr                                                    R 	at java.base/java.lang.Thread.run(Thread.java:829)
[8/9/24, 18:20:17:036 EDT] 00000038 com.ibm.ws.ejbcontainer.osgi.internal.EJBRuntimeImpl         I CNTR4001I: The PlantsByWebSphere.war EJB module in the PlantsByWebSphere application has started successfully.
[8/9/24, 18:20:17:041 EDT] 00000038 com.ibm.ws.webcontainer.osgi.webapp.WebGroup                 I SRVE0169I: Loading Web Module: PlantsByWebSphere.
[8/9/24, 18:20:17:043 EDT] 00000038 com.ibm.ws.webcontainer                                      I SRVE0250I: Web Module PlantsByWebSphere has been bound to default_host.
[8/9/24, 18:20:17:044 EDT] 00000038 com.ibm.ws.http.internal.VirtualHostImpl                     A CWWKT0016I: Web application available (default_host): http://localhost:9080/PlantsByWebSphere/
[8/9/24, 18:20:17:066 EDT] 00000038 com.ibm.ws.app.manager.AppMessageHelper                      A CWWKZ0001I: Application PlantsByWebSphere started in 4.375 seconds.
[8/9/24, 18:20:17:087 EDT] 00000095 com.ibm.ws.session.WASSessionCore                            I SESN0176I: A new session context will be created for application key default_host/PlantsByWebSphere
[8/9/24, 18:20:17:106 EDT] 00000095 com.ibm.ws.util                                              I SESN0172I: The session manager is using the Java default SecureRandom implementation for session ID generation.
[8/9/24, 18:20:17:139 EDT] 00000037 com.ibm.ws.kernel.feature.internal.FeatureManager            A CWWKF0012I: The server installed the following features: [appClientSupport-1.0, appSecurity-2.0, batch-1.0, beanValidation-1.1, cdi-1.2, concurrent-1.0, distributedMap-1.0, ejb-3.2, ejbHome-3.2, ejbLite-3.2, ejbPersistentTimer-3.2, ejbRemote-3.2, el-3.0, j2eeManagement-1.1, jacc-1.5, jaspic-1.1, javaMail-1.5, javaee-7.0, jaxb-2.2, jaxrs-2.0, jaxrsClient-2.0, jaxws-2.2, jca-1.7, jcaInboundSecurity-1.0, jdbc-4.1, jms-2.0, jndi-1.0, jpa-2.1, jpaContainer-2.1, jsf-2.2, json-1.0, jsonp-1.0, jsp-2.3, localConnector-1.0, managedBeans-1.0, mdb-3.2, servlet-3.1, ssl-1.0, wasJmsClient-2.0, wasJmsSecurity-1.0, wasJmsServer-1.0, webProfile-7.0, websocket-1.1].
[8/9/24, 18:20:17:140 EDT] 00000037 com.ibm.ws.kernel.feature.internal.FeatureManager            I CWWKF0008I: Feature update completed in 15.551 seconds.
[8/9/24, 18:20:17:140 EDT] 00000037 com.ibm.ws.kernel.feature.internal.FeatureManager            A CWWKF0011I: The PlantsByWebSphereServer server is ready to run a smarter planet. The PlantsByWebSphereServer server started in 38.584 seconds.
[8/9/24, 18:20:17:180 EDT] 00000095 com.ibm.ws.cache.CacheServiceImpl                            I DYNA1056I: Dynamic Cache (object cache) initialized successfully.
[8/9/24, 18:20:17:290 EDT] 00000095 org.apache.myfaces.config.DefaultFacesConfigurationProvider  I Reading standard config META-INF/standard-faces-config.xml
[8/9/24, 18:20:17:365 EDT] 00000096 com.ibm.ws.webcontainer.osgi.mbeans.PluginGenerator          I SRVE9103I: A configuration file for a web server plugin was automatically generated for this server at D:\GitHub\plants4was\sample.plantsbywebsphere\build\wlp\usr\servers\PlantsByWebSphereServer\logs\state\plugin-cfg.xml.
[8/9/24, 18:20:17:428 EDT] 00000095 org.apache.myfaces.config.DefaultFacesConfigurationProvider  I Reading config /WEB-INF/faces-config.xml
[8/9/24, 18:20:17:554 EDT] 00000095 org.apache.myfaces.spi.impl.DefaultInjectionProviderFactory  I Using InjectionProvider com.ibm.ws.jsf.spi.impl.WASCDIAnnotationDelegateInjectionProvider
[8/9/24, 18:20:17:581 EDT] 00000095 org.apache.myfaces.util.ExternalSpecifications               I MyFaces CDI support enabled
[8/9/24, 18:20:17:597 EDT] 00000095 org.apache.myfaces.util.ExternalSpecifications               I MyFaces Bean Validation support enabled
[8/9/24, 18:20:17:824 EDT] 00000095 org.apache.myfaces.config.FacesConfigurator                  I Serialization provider : class org.apache.myfaces.shared_impl.util.serial.DefaultSerialFactory
[8/9/24, 18:20:17:854 EDT] 00000095 org.apache.myfaces.webapp.AbstractFacesInitializer           I ServletContext initialized.
[8/9/24, 18:20:17:858 EDT] 00000095 org.apache.myfaces.webapp.WebConfigParamsLogger              I Tomahawk jar not available. Autoscrolling, DetectJavascript, AddResourceClass and CheckExtensionsFilter are disabled now.
[8/9/24, 18:20:17:858 EDT] 00000095 org.apache.myfaces.webapp.WebConfigParamsLogger              I Scanning for context init parameters not defined. It is not necessary to define them all into your web.xml, they are just provided here for informative purposes. To disable this messages set org.apache.myfaces.LOG_WEB_CONTEXT_PARAMS config param to 'false'
[8/9/24, 18:20:17:858 EDT] 00000095 org.apache.myfaces.webapp.WebConfigParamsLogger              I No context init parameter 'javax.faces.RESOURCE_EXCLUDES' found, using default value '.class .jsp .jspx .properties .xhtml .groovy'.
[8/9/24, 18:20:17:858 EDT] 00000095 org.apache.myfaces.webapp.WebConfigParamsLogger              I No context init parameter 'javax.faces.STATE_SAVING_METHOD' found, using default value 'server'.
[8/9/24, 18:20:17:858 EDT] 00000095 org.apache.myfaces.webapp.WebConfigParamsLogger              I No context init parameter 'javax.faces.FULL_STATE_SAVING_VIEW_IDS' found.
[8/9/24, 18:20:17:858 EDT] 00000095 org.apache.myfaces.webapp.WebConfigParamsLogger              I No context init parameter 'javax.faces.PARTIAL_STATE_SAVING' found, using default value 'true (false with 1.2 webapps)'.
[8/9/24, 18:20:17:858 EDT] 00000095 org.apache.myfaces.webapp.WebConfigParamsLogger              I No context init parameter 'javax.faces.SERIALIZE_SERVER_STATE' found, using default value 'false'.
[8/9/24, 18:20:17:858 EDT] 00000095 org.apache.myfaces.webapp.WebConfigParamsLogger              I No context init parameter 'javax.faces.DEFAULT_SUFFIX' found, using default value '.xhtml .view.xml .jsp'.
[8/9/24, 18:20:17:859 EDT] 00000095 org.apache.myfaces.webapp.WebConfigParamsLogger              I No context init parameter 'javax.faces.FACELETS_SUFFIX' found, using default value '.xhtml'.
[8/9/24, 18:20:17:859 EDT] 00000095 org.apache.myfaces.webapp.WebConfigParamsLogger              I No context init parameter 'javax.faces.FACELETS_VIEW_MAPPINGS' found.
[8/9/24, 18:20:17:859 EDT] 00000095 org.apache.myfaces.webapp.WebConfigParamsLogger              I No context init parameter 'DISABLE_FACELET_JSF_VIEWHANDLER' found.
[8/9/24, 18:20:17:859 EDT] 00000095 org.apache.myfaces.webapp.WebConfigParamsLogger              I No context init parameter 'javax.faces.FACELETS_BUFFER_SIZE' found, using default value '1024'.
[8/9/24, 18:20:17:859 EDT] 00000095 org.apache.myfaces.webapp.WebConfigParamsLogger              I No context init parameter 'javax.faces.FACELETS_DECORATORS' found.
[8/9/24, 18:20:17:859 EDT] 00000095 org.apache.myfaces.webapp.WebConfigParamsLogger              I No context init parameter 'javax.faces.FACELETS_LIBRARIES' found.
[8/9/24, 18:20:17:859 EDT] 00000095 org.apache.myfaces.webapp.WebConfigParamsLogger              I No context init parameter 'javax.faces.FACELETS_REFRESH_PERIOD' found, using default value '-1'.
[8/9/24, 18:20:17:859 EDT] 00000095 org.apache.myfaces.webapp.WebConfigParamsLogger              I No context init parameter 'javax.faces.FACELETS_SKIP_COMMENTS' found.
[8/9/24, 18:20:17:859 EDT] 00000095 org.apache.myfaces.webapp.WebConfigParamsLogger              I No context init parameter 'javax.faces.HONOR_CURRENT_COMPONENT_ATTRIBUTES' found, using default value 'false'.
[8/9/24, 18:20:17:860 EDT] 00000095 org.apache.myfaces.webapp.WebConfigParamsLogger              I No context init parameter 'javax.faces.INTERPRET_EMPTY_STRING_SUBMITTED_VALUES_AS_NULL' found, using default value 'false'.
[8/9/24, 18:20:17:860 EDT] 00000095 org.apache.myfaces.webapp.WebConfigParamsLogger              I No context init parameter 'javax.faces.DATETIMECONVERTER_DEFAULT_TIMEZONE_IS_SYSTEM_TIMEZONE' found, using default value 'false'.
[8/9/24, 18:20:17:860 EDT] 00000095 org.apache.myfaces.webapp.WebConfigParamsLogger              I No context init parameter 'org.apache.myfaces.ENUM_CONVERTER_ALLOW_STRING_PASSTROUGH' found, using default value 'false'.
[8/9/24, 18:20:17:860 EDT] 00000095 org.apache.myfaces.webapp.WebConfigParamsLogger              I No context init parameter 'javax.faces.validator.DISABLE_DEFAULT_BEAN_VALIDATOR' found, using default value 'true'.
[8/9/24, 18:20:17:860 EDT] 00000095 org.apache.myfaces.webapp.WebConfigParamsLogger              I No context init parameter 'javax.faces.CONFIG_FILES' found.
[8/9/24, 18:20:17:860 EDT] 00000095 org.apache.myfaces.webapp.WebConfigParamsLogger              I No context init parameter 'javax.faces.LIFECYCLE_ID' found.
[8/9/24, 18:20:17:860 EDT] 00000095 org.apache.myfaces.webapp.WebConfigParamsLogger              I No context init parameter 'org.apache.myfaces.ERROR_HANDLER' found.
[8/9/24, 18:20:17:860 EDT] 00000095 org.apache.myfaces.webapp.WebConfigParamsLogger              I No context init parameter 'org.apache.myfaces.CHECKED_VIEWID_CACHE_SIZE' found, using default value '500'.
[8/9/24, 18:20:17:860 EDT] 00000095 org.apache.myfaces.webapp.WebConfigParamsLogger              I No context init parameter 'org.apache.myfaces.CHECKED_VIEWID_CACHE_ENABLED' found, using default value 'true'.
[8/9/24, 18:20:17:860 EDT] 00000095 org.apache.myfaces.webapp.WebConfigParamsLogger              I No context init parameter 'org.apache.myfaces.PRETTY_HTML' found, using default value 'true'.
[8/9/24, 18:20:17:860 EDT] 00000095 org.apache.myfaces.webapp.WebConfigParamsLogger              I No context init parameter 'org.apache.myfaces.ALLOW_JAVASCRIPT' found, using default value 'true'.
[8/9/24, 18:20:17:860 EDT] 00000095 org.apache.myfaces.webapp.WebConfigParamsLogger              I No context init parameter 'org.apache.myfaces.CONFIG_REFRESH_PERIOD' found, using default value '2'.
[8/9/24, 18:20:17:860 EDT] 00000095 org.apache.myfaces.webapp.WebConfigParamsLogger              I No context init parameter 'org.apache.myfaces.VIEWSTATE_JAVASCRIPT' found, using default value 'false'.
[8/9/24, 18:20:17:861 EDT] 00000095 org.apache.myfaces.webapp.WebConfigParamsLogger              I No context init parameter 'org.apache.myfaces.RENDER_VIEWSTATE_ID' found, using default value 'true'.
[8/9/24, 18:20:17:861 EDT] 00000095 org.apache.myfaces.webapp.WebConfigParamsLogger              I No context init parameter 'org.apache.myfaces.STRICT_XHTML_LINKS' found, using default value 'true'.
[8/9/24, 18:20:17:861 EDT] 00000095 org.apache.myfaces.webapp.WebConfigParamsLogger              I No context init parameter 'org.apache.myfaces.RENDER_CLEAR_JAVASCRIPT_FOR_BUTTON' found, using default value 'false'.
[8/9/24, 18:20:17:861 EDT] 00000095 org.apache.myfaces.webapp.WebConfigParamsLogger              I No context init parameter 'org.apache.myfaces.RENDER_HIDDEN_FIELDS_FOR_LINK_PARAMS' found, using default value 'false'.
[8/9/24, 18:20:17:861 EDT] 00000095 org.apache.myfaces.webapp.WebConfigParamsLogger              I No context init parameter 'org.apache.myfaces.SAVE_FORM_SUBMIT_LINK_IE' found, using default value 'false'.
[8/9/24, 18:20:17:861 EDT] 00000095 org.apache.myfaces.webapp.WebConfigParamsLogger              I No context init parameter 'org.apache.myfaces.DELEGATE_FACES_SERVLET' found.
[8/9/24, 18:20:17:861 EDT] 00000095 org.apache.myfaces.webapp.WebConfigParamsLogger              I No context init parameter 'org.apache.myfaces.REFRESH_TRANSIENT_BUILD_ON_PSS' found, using default value 'auto'.
[8/9/24, 18:20:17:861 EDT] 00000095 org.apache.myfaces.webapp.WebConfigParamsLogger              I No context init parameter 'org.apache.myfaces.REFRESH_TRANSIENT_BUILD_ON_PSS_PRESERVE_STATE' found, using default value 'false'.
[8/9/24, 18:20:17:861 EDT] 00000095 org.apache.myfaces.webapp.WebConfigParamsLogger              I No context init parameter 'org.apache.myfaces.VALIDATE_XML' found.
[8/9/24, 18:20:17:861 EDT] 00000095 org.apache.myfaces.webapp.WebConfigParamsLogger              I No context init parameter 'org.apache.myfaces.WRAP_SCRIPT_CONTENT_WITH_XML_COMMENT_TAG' found, using default value 'false'.
[8/9/24, 18:20:17:861 EDT] 00000095 org.apache.myfaces.webapp.WebConfigParamsLogger              I No context init parameter 'org.apache.myfaces.RENDER_FORM_SUBMIT_SCRIPT_INLINE' found, using default value 'false'.
[8/9/24, 18:20:17:861 EDT] 00000095 org.apache.myfaces.webapp.WebConfigParamsLogger              I No context init parameter 'org.apache.myfaces.DEBUG_PHASE_LISTENER' found.
[8/9/24, 18:20:17:861 EDT] 00000095 org.apache.myfaces.webapp.WebConfigParamsLogger              I No context init parameter 'org.apache.myfaces.STRICT_JSF_2_REFRESH_TARGET_AJAX' found, using default value 'false'.
[8/9/24, 18:20:17:861 EDT] 00000095 org.apache.myfaces.webapp.WebConfigParamsLogger              I No context init parameter 'org.apache.myfaces.STRICT_JSF_2_CC_EL_RESOLVER' found, using default value 'false'.
[8/9/24, 18:20:17:861 EDT] 00000095 org.apache.myfaces.webapp.WebConfigParamsLogger              I No context init parameter 'org.apache.myfaces.DEFAULT_RESPONSE_WRITER_CONTENT_TYPE_MODE' found, using default value 'text/html'.
[8/9/24, 18:20:17:861 EDT] 00000095 org.apache.myfaces.webapp.WebConfigParamsLogger              I No context init parameter 'org.apache.myfaces.VIEW_UNIQUE_IDS_CACHE_ENABLED' found, using default value 'true'.
[8/9/24, 18:20:17:861 EDT] 00000095 org.apache.myfaces.webapp.WebConfigParamsLogger              I No context init parameter 'org.apache.myfaces.COMPONENT_UNIQUE_IDS_CACHE_SIZE' found, using default value '100'.
[8/9/24, 18:20:17:862 EDT] 00000095 org.apache.myfaces.webapp.WebConfigParamsLogger              I No context init parameter 'org.apache.myfaces.SUPPORT_JSP_AND_FACES_EL' found, using default value 'true'.
[8/9/24, 18:20:17:862 EDT] 00000095 org.apache.myfaces.webapp.WebConfigParamsLogger              I No context init parameter 'org.apache.myfaces.GAE_JSF_JAR_FILES' found.
[8/9/24, 18:20:17:862 EDT] 00000095 org.apache.myfaces.webapp.WebConfigParamsLogger              I No context init parameter 'org.apache.myfaces.GAE_JSF_ANNOTATIONS_JAR_FILES' found.
[8/9/24, 18:20:17:862 EDT] 00000095 org.apache.myfaces.webapp.WebConfigParamsLogger              I No context init parameter 'org.apache.myfaces.STRICT_JSF_2_VIEW_NOT_FOUND' found, using default value 'false'.
[8/9/24, 18:20:17:862 EDT] 00000095 org.apache.myfaces.webapp.WebConfigParamsLogger              I No context init parameter 'org.apache.myfaces.EARLY_FLUSH_ENABLED' found, using default value 'false'.
[8/9/24, 18:20:17:862 EDT] 00000095 org.apache.myfaces.webapp.WebConfigParamsLogger              I No context init parameter 'org.apache.myfaces.CDI_MANAGED_CONVERTERS_ENABLED' found, using default value 'false'.
[8/9/24, 18:20:17:862 EDT] 00000095 org.apache.myfaces.webapp.WebConfigParamsLogger              I No context init parameter 'org.apache.myfaces.CDI_MANAGED_VALIDATORS_ENABLED' found, using default value 'false'.
[8/9/24, 18:20:17:862 EDT] 00000095 org.apache.myfaces.webapp.WebConfigParamsLogger              I No context init parameter 'org.apache.myfaces.STRICT_JSF_2_FACELETS_COMPATIBILITY' found, using default value 'false'.
[8/9/24, 18:20:17:862 EDT] 00000095 org.apache.myfaces.webapp.WebConfigParamsLogger              I No context init parameter 'org.apache.myfaces.RENDER_FORM_VIEW_STATE_AT_BEGIN' found, using default value 'false'.
[8/9/24, 18:20:17:862 EDT] 00000095 org.apache.myfaces.webapp.WebConfigParamsLogger              I No context init parameter 'org.apache.myfaces.FLASH_SCOPE_DISABLED' found, using default value 'false'.
[8/9/24, 18:20:17:862 EDT] 00000095 org.apache.myfaces.webapp.WebConfigParamsLogger              I No context init parameter 'org.apache.myfaces.NUMBER_OF_VIEWS_IN_SESSION' found, using default value '20'.
[8/9/24, 18:20:17:862 EDT] 00000095 org.apache.myfaces.webapp.WebConfigParamsLogger              I No context init parameter 'org.apache.myfaces.NUMBER_OF_SEQUENTIAL_VIEWS_IN_SESSION' found, using default value '4'.
[8/9/24, 18:20:17:862 EDT] 00000095 org.apache.myfaces.webapp.WebConfigParamsLogger              I No context init parameter 'org.apache.myfaces.NUMBER_OF_FLASH_TOKENS_IN_SESSION' found.
[8/9/24, 18:20:17:862 EDT] 00000095 org.apache.myfaces.webapp.WebConfigParamsLogger              I No context init parameter 'org.apache.myfaces.FACES_FLOW_CLIENT_WINDOW_IDS_IN_SESSION' found.
[8/9/24, 18:20:17:863 EDT] 00000095 org.apache.myfaces.webapp.WebConfigParamsLogger              I No context init parameter 'org.apache.myfaces.RESOURCE_MAX_TIME_EXPIRES' found, using default value '604800000'.
[8/9/24, 18:20:17:863 EDT] 00000095 org.apache.myfaces.webapp.WebConfigParamsLogger              I No context init parameter 'org.apache.myfaces.RESOURCE_HANDLER_CACHE_SIZE' found, using default value '500'.
[8/9/24, 18:20:17:863 EDT] 00000095 org.apache.myfaces.webapp.WebConfigParamsLogger              I No context init parameter 'org.apache.myfaces.RESOURCE_HANDLER_CACHE_ENABLED' found, using default value 'true'.
[8/9/24, 18:20:17:863 EDT] 00000095 org.apache.myfaces.webapp.WebConfigParamsLogger              I No context init parameter 'org.apache.myfaces.USE_ENCRYPTION' found, using default value 'true'.
[8/9/24, 18:20:17:863 EDT] 00000095 org.apache.myfaces.webapp.WebConfigParamsLogger              I No context init parameter 'org.apache.myfaces.SECRET' found.
[8/9/24, 18:20:17:863 EDT] 00000095 org.apache.myfaces.webapp.WebConfigParamsLogger              I No context init parameter 'org.apache.myfaces.ALGORITHM' found, using default value 'DES'.
[8/9/24, 18:20:17:863 EDT] 00000095 org.apache.myfaces.webapp.WebConfigParamsLogger              I No context init parameter 'org.apache.myfaces.SECRET.CACHE' found.
[8/9/24, 18:20:17:863 EDT] 00000095 org.apache.myfaces.webapp.WebConfigParamsLogger              I No context init parameter 'org.apache.myfaces.ALGORITHM.IV' found.
[8/9/24, 18:20:17:863 EDT] 00000095 org.apache.myfaces.webapp.WebConfigParamsLogger              I No context init parameter 'org.apache.myfaces.ALGORITHM.PARAMETERS' found, using default value 'ECB/PKCS5Padding'.
[8/9/24, 18:20:17:863 EDT] 00000095 org.apache.myfaces.webapp.WebConfigParamsLogger              I No context init parameter 'org.apache.myfaces.SERIAL_FACTORY' found.
[8/9/24, 18:20:17:863 EDT] 00000095 org.apache.myfaces.webapp.WebConfigParamsLogger              I No context init parameter 'org.apache.myfaces.COMPRESS_STATE_IN_CLIENT' found, using default value 'false'.
[8/9/24, 18:20:17:863 EDT] 00000095 org.apache.myfaces.webapp.WebConfigParamsLogger              I No context init parameter 'org.apache.myfaces.MAC_ALGORITHM' found, using default value 'HmacSHA1'.
[8/9/24, 18:20:17:863 EDT] 00000095 org.apache.myfaces.webapp.WebConfigParamsLogger              I No context init parameter 'org.apache.myfaces.MAC_SECRET' found.
[8/9/24, 18:20:17:863 EDT] 00000095 org.apache.myfaces.webapp.WebConfigParamsLogger              I No context init parameter 'org.apache.myfaces.MAC_SECRET.CACHE' found.
[8/9/24, 18:20:17:864 EDT] 00000095 org.apache.myfaces.webapp.WebConfigParamsLogger              I No context init parameter 'org.apache.myfaces.LAZY_LOAD_CONFIG_OBJECTS' found, using default value 'true'.
[8/9/24, 18:20:17:864 EDT] 00000095 org.apache.myfaces.webapp.WebConfigParamsLogger              I No context init parameter 'org.apache.myfaces.STRICT_JSF_2_ALLOW_SLASH_LIBRARY_NAME' found, using default value 'false'.
[8/9/24, 18:20:17:864 EDT] 00000095 org.apache.myfaces.webapp.WebConfigParamsLogger              I No context init parameter 'org.apache.myfaces.RESOURCE_BUFFER_SIZE' found, using default value '2048'.
[8/9/24, 18:20:17:864 EDT] 00000095 org.apache.myfaces.webapp.WebConfigParamsLogger              I No context init parameter 'org.apache.myfaces.RANDOM_KEY_IN_CSRF_SESSION_TOKEN' found, using default value 'none'.
[8/9/24, 18:20:17:864 EDT] 00000095 org.apache.myfaces.webapp.WebConfigParamsLogger              I No context init parameter 'org.apache.myfaces.RANDOM_KEY_IN_CSRF_SESSION_TOKEN_LENGTH' found, using default value '16'.
[8/9/24, 18:20:17:864 EDT] 00000095 org.apache.myfaces.webapp.WebConfigParamsLogger              I No context init parameter 'org.apache.myfaces.RANDOM_KEY_IN_CSRF_SESSION_TOKEN_SECURE_RANDOM_CLASS' found.
[8/9/24, 18:20:17:864 EDT] 00000095 org.apache.myfaces.webapp.WebConfigParamsLogger              I No context init parameter 'org.apache.myfaces.RANDOM_KEY_IN_CSRF_SESSION_TOKEN_SECURE_RANDOM_PROVIDER' found.
[8/9/24, 18:20:17:864 EDT] 00000095 org.apache.myfaces.webapp.WebConfigParamsLogger              I No context init parameter 'org.apache.myfaces.RANDOM_KEY_IN_CSRF_SESSION_TOKEN_SECURE_RANDOM_ALGORITM' found, using default value 'SHA1PRNG'.
[8/9/24, 18:20:17:864 EDT] 00000095 org.apache.myfaces.webapp.WebConfigParamsLogger              I No context init parameter 'org.apache.myfaces.CLIENT_VIEW_STATE_TIMEOUT' found, using default value '0'.
[8/9/24, 18:20:17:864 EDT] 00000095 org.apache.myfaces.webapp.WebConfigParamsLogger              I No context init parameter 'org.apache.myfaces.SERIALIZE_STATE_IN_SESSION' found, using default value 'false'.
[8/9/24, 18:20:17:864 EDT] 00000095 org.apache.myfaces.webapp.WebConfigParamsLogger              I No context init parameter 'org.apache.myfaces.COMPRESS_STATE_IN_SESSION' found, using default value 'true'.
[8/9/24, 18:20:17:864 EDT] 00000095 org.apache.myfaces.webapp.WebConfigParamsLogger              I No context init parameter 'org.apache.myfaces.CACHE_OLD_VIEWS_IN_SESSION_MODE' found, using default value 'off'.
[8/9/24, 18:20:17:864 EDT] 00000095 org.apache.myfaces.webapp.WebConfigParamsLogger              I No context init parameter 'org.apache.myfaces.USE_FLASH_SCOPE_PURGE_VIEWS_IN_SESSION' found, using default value 'false'.
[8/9/24, 18:20:17:864 EDT] 00000095 org.apache.myfaces.webapp.WebConfigParamsLogger              I No context init parameter 'org.apache.myfaces.RANDOM_KEY_IN_VIEW_STATE_SESSION_TOKEN' found, using default value 'none'.
[8/9/24, 18:20:17:864 EDT] 00000095 org.apache.myfaces.webapp.WebConfigParamsLogger              I No context init parameter 'org.apache.myfaces.RANDOM_KEY_IN_VIEW_STATE_SESSION_TOKEN_LENGTH' found, using default value '8'.
[8/9/24, 18:20:17:864 EDT] 00000095 org.apache.myfaces.webapp.WebConfigParamsLogger              I No context init parameter 'org.apache.myfaces.RANDOM_KEY_IN_VIEW_STATE_SESSION_TOKEN_SECURE_RANDOM_CLASS' found.
[8/9/24, 18:20:17:864 EDT] 00000095 org.apache.myfaces.webapp.WebConfigParamsLogger              I No context init parameter 'org.apache.myfaces.RANDOM_KEY_IN_VIEW_STATE_SESSION_TOKEN_SECURE_RANDOM_PROVIDER' found.
[8/9/24, 18:20:17:865 EDT] 00000095 org.apache.myfaces.webapp.WebConfigParamsLogger              I No context init parameter 'org.apache.myfaces.RANDOM_KEY_IN_VIEW_STATE_SESSION_TOKEN_SECURE_RANDOM_ALGORITM' found, using default value 'SHA1PRNG'.
[8/9/24, 18:20:17:865 EDT] 00000095 org.apache.myfaces.webapp.WebConfigParamsLogger              I No context init parameter 'facelets.LIBRARIES' found.
[8/9/24, 18:20:17:865 EDT] 00000095 org.apache.myfaces.webapp.WebConfigParamsLogger              I No context init parameter 'org.apache.myfaces.VALIDATE' found, using default value 'false'.
[8/9/24, 18:20:17:865 EDT] 00000095 org.apache.myfaces.webapp.WebConfigParamsLogger              I No context init parameter 'org.apache.myfaces.annotation.SCAN_PACKAGES' found.
[8/9/24, 18:20:17:865 EDT] 00000095 org.apache.myfaces.webapp.WebConfigParamsLogger              I No context init parameter 'org.apache.myfaces.config.annotation.LifecycleProvider' found.
[8/9/24, 18:20:17:865 EDT] 00000095 org.apache.myfaces.webapp.WebConfigParamsLogger              I No context init parameter 'org.apache.myfaces.EL_RESOLVER_COMPARATOR' found.
[8/9/24, 18:20:17:865 EDT] 00000095 org.apache.myfaces.webapp.WebConfigParamsLogger              I No context init parameter 'org.apache.myfaces.EL_RESOLVER_PREDICATE' found.
[8/9/24, 18:20:17:865 EDT] 00000095 org.apache.myfaces.webapp.WebConfigParamsLogger              I No context init parameter 'org.apache.myfaces.DEFAULT_WINDOW_MODE' found, using default value 'url'.
[8/9/24, 18:20:17:865 EDT] 00000095 org.apache.myfaces.webapp.WebConfigParamsLogger              I No context init parameter 'org.apache.myfaces.CHECKED_VIEWID_CACHE_SIZE' found, using default value '500'.
[8/9/24, 18:20:17:865 EDT] 00000095 org.apache.myfaces.webapp.WebConfigParamsLogger              I No context init parameter 'org.apache.myfaces.CHECKED_VIEWID_CACHE_ENABLED' found, using default value 'true'.
[8/9/24, 18:20:17:865 EDT] 00000095 org.apache.myfaces.webapp.WebConfigParamsLogger              I No context init parameter 'org.apache.myfaces.ERROR_TEMPLATE_RESOURCE' found, using default value 'META-INF/rsc/myfaces-dev-error.xml'.
[8/9/24, 18:20:17:865 EDT] 00000095 org.apache.myfaces.webapp.WebConfigParamsLogger              I No context init parameter 'org.apache.myfaces.DEBUG_TEMPLATE_RESOURCE' found, using default value 'META-INF/rsc/myfaces-dev-debug.xml'.
[8/9/24, 18:20:17:865 EDT] 00000095 org.apache.myfaces.webapp.WebConfigParamsLogger              I No context init parameter 'org.apache.myfaces.ERROR_HANDLING' found, using default value 'false, on Development Project stage: true'.
[8/9/24, 18:20:17:865 EDT] 00000095 org.apache.myfaces.webapp.WebConfigParamsLogger              I No context init parameter 'org.apache.myfaces.HANDLE_STATE_CACHING_MECHANICS' found, using default value 'true'.
[8/9/24, 18:20:17:865 EDT] 00000095 org.apache.myfaces.webapp.WebConfigParamsLogger              I No context init parameter 'org.apache.myfaces.AUTOCOMPLETE_OFF_VIEW_STATE' found, using default value 'true'.
[8/9/24, 18:20:17:865 EDT] 00000095 org.apache.myfaces.webapp.WebConfigParamsLogger              I No context init parameter 'org.apache.myfaces.USE_MULTIPLE_JS_FILES_FOR_JSF_UNCOMPRESSED_JS' found, using default value 'false'.
[8/9/24, 18:20:17:865 EDT] 00000095 org.apache.myfaces.webapp.WebConfigParamsLogger              I No context init parameter 'org.apache.myfaces.JSF_JS_MODE' found, using default value 'normal'.
[8/9/24, 18:20:17:865 EDT] 00000095 org.apache.myfaces.webapp.WebConfigParamsLogger              I No context init parameter 'org.apache.myfaces.TEMPORAL_RESOURCEHANDLER_CACHE_ENABLED' found, using default value 'false'.
[8/9/24, 18:20:17:865 EDT] 00000095 org.apache.myfaces.webapp.WebConfigParamsLogger              I No context init parameter 'org.apache.myfaces.SERVICE_PROVIDER_FINDER' found.
[8/9/24, 18:20:17:865 EDT] 00000095 org.apache.myfaces.webapp.WebConfigParamsLogger              I No context init parameter 'org.apache.myfaces.spi.InjectionProvider' found.
[8/9/24, 18:20:17:866 EDT] 00000095 org.apache.myfaces.webapp.WebConfigParamsLogger              I No context init parameter 'javax.faces.DISABLE_FACELET_JSF_VIEWHANDLER' found, using default value 'false'.
[8/9/24, 18:20:17:866 EDT] 00000095 org.apache.myfaces.webapp.WebConfigParamsLogger              I No context init parameter 'org.apache.myfaces.SAVE_STATE_WITH_VISIT_TREE_ON_PSS' found, using default value 'true'.
[8/9/24, 18:20:17:866 EDT] 00000095 org.apache.myfaces.webapp.WebConfigParamsLogger              I No context init parameter 'org.apache.myfaces.CHECK_ID_PRODUCTION_MODE' found, using default value 'auto'.
[8/9/24, 18:20:17:866 EDT] 00000095 org.apache.myfaces.webapp.WebConfigParamsLogger              I No context init parameter 'facelets.BUFFER_SIZE' found.
[8/9/24, 18:20:17:866 EDT] 00000095 org.apache.myfaces.webapp.WebConfigParamsLogger              I No context init parameter 'facelets.REFRESH_PERIOD' found, using default value '-1'.
[8/9/24, 18:20:17:866 EDT] 00000095 org.apache.myfaces.webapp.WebConfigParamsLogger              I No context init parameter 'javax.faces.FACELETS_RESOURCE_RESOLVER' found.
[8/9/24, 18:20:17:866 EDT] 00000095 org.apache.myfaces.webapp.WebConfigParamsLogger              I No context init parameter 'facelets.RESOURCE_RESOLVER' found.
[8/9/24, 18:20:17:866 EDT] 00000095 org.apache.myfaces.webapp.WebConfigParamsLogger              I No context init parameter 'org.apache.myfaces.MARK_INITIAL_STATE_WHEN_APPLY_BUILD_VIEW' found, using default value 'false'.
[8/9/24, 18:20:17:866 EDT] 00000095 org.apache.myfaces.webapp.WebConfigParamsLogger              I No context init parameter 'facelets.DECORATORS' found.
[8/9/24, 18:20:17:866 EDT] 00000095 org.apache.myfaces.webapp.WebConfigParamsLogger              I No context init parameter 'facelets.SKIP_COMMENTS' found.
[8/9/24, 18:20:17:866 EDT] 00000095 org.apache.myfaces.webapp.WebConfigParamsLogger              I No context init parameter 'org.apache.myfaces.WRAP_TAG_EXCEPTIONS_AS_CONTEXT_AWARE' found, using default value 'true'.
[8/9/24, 18:20:17:866 EDT] 00000095 org.apache.myfaces.webapp.WebConfigParamsLogger              I No context init parameter 'org.apache.myfaces.CACHE_EL_EXPRESSIONS' found, using default value 'noCache'.
[8/9/24, 18:20:17:866 EDT] 00000095 org.apache.myfaces.webapp.WebConfigParamsLogger              I No context init parameter 'org.apache.myfaces.VIEW_POOL_MAX_POOL_SIZE' found, using default value '5'.
[8/9/24, 18:20:17:866 EDT] 00000095 org.apache.myfaces.webapp.WebConfigParamsLogger              I No context init parameter 'org.apache.myfaces.VIEW_POOL_MAX_DYNAMIC_PARTIAL_LIMIT' found, using default value '2'.
[8/9/24, 18:20:17:866 EDT] 00000095 org.apache.myfaces.webapp.WebConfigParamsLogger              I No context init parameter 'org.apache.myfaces.VIEW_POOL_ENTRY_MODE' found, using default value 'soft'.
[8/9/24, 18:20:17:867 EDT] 00000095 org.apache.myfaces.webapp.WebConfigParamsLogger              I No context init parameter 'org.apache.myfaces.VIEW_POOL_DEFERRED_NAVIGATION' found, using default value 'false'.
[8/9/24, 18:20:17:867 EDT] 00000095 org.apache.myfaces.webapp.WebConfigParamsLogger              I No context init parameter 'org.apache.myfaces.EXPRESSION_FACTORY' found.
[8/9/24, 18:20:17:867 EDT] 00000095 org.apache.myfaces.webapp.WebConfigParamsLogger              I No context init parameter 'org.apache.myfaces.INITIALIZE_ALWAYS_STANDALONE' found, using default value 'false'.
[8/9/24, 18:20:17:867 EDT] 00000095 org.apache.myfaces.webapp.WebConfigParamsLogger              I No context init parameter 'org.apache.myfaces.LOG_WEB_CONTEXT_PARAMS' found, using default value 'auto'.
[8/9/24, 18:20:17:867 EDT] 00000095 org.apache.myfaces.webapp.WebConfigParamsLogger              I No context init parameter 'org.apache.myfaces.FACES_INITIALIZER' found.
[8/9/24, 18:20:17:867 EDT] 00000095 org.apache.myfaces.webapp.WebConfigParamsLogger              I No context init parameter 'org.apache.myfaces.FACES_INIT_PLUGINS' found.
[8/9/24, 18:20:17:867 EDT] 00000095 org.apache.myfaces.util.ExternalSpecifications               I MyFaces Unified EL support enabled
[8/9/24, 18:20:17:869 EDT] 00000095 org.apache.myfaces.webapp.AbstractFacesInitializer           W 

*******************************************************************
*** WARNING: Apache MyFaces-2 is running in DEVELOPMENT mode.   ***
***                                         ^^^^^^^^^^^         ***
*** Do NOT deploy to your live server(s) without changing this. ***
*** See Application#getProjectStage() for more information.     ***
*******************************************************************

[8/9/24, 18:20:18:714 EDT] 00000043 com.ibm.ws.webcontainer.servlet                              I SRVE0242I: [PlantsByWebSphere] [/PlantsByWebSphere] [FacesServlet]: Initialization successful.
[8/9/24, 18:20:19:075 EDT] 00000043 com.ibm.ws.webcontainer.webapp                               I SRVE0292I: Servlet Message - [PlantsByWebSphere]:.No state saving method defined, assuming default server state saving
[8/9/24, 22:33:46:824 EDT] 0000001c com.ibm.ws.kernel.launch.internal.ServerCommandListener      A CWWKE0055I: Server shutdown requested on Friday, August 9, 2024 at 10:33 PM. The server PlantsByWebSphereServer is shutting down.
[8/9/24, 22:33:46:828 EDT] 00001972 com.ibm.ws.runtime.update.internal.RuntimeUpdateManagerImpl  A CWWKE1100I: Waiting for up to 30 seconds for the server to quiesce.
[8/9/24, 22:33:46:832 EDT] 000018d5 com.ibm.ws.tcpchannel.internal.TCPChannel                    I CWWKO0220I: TCP Channel defaultHttpEndpoint-ssl has stopped listening for requests on host 127.0.0.1  (IPv4: 127.0.0.1) port 9443.
[8/9/24, 22:33:46:834 EDT] 000018d5 com.ibm.ws.tcpchannel.internal.TCPChannel                    I CWWKO0220I: TCP Channel wasJmsEndpoint341 has stopped listening for requests on host 127.0.0.1  (IPv4: 127.0.0.1) port 7276.
[8/9/24, 22:33:46:835 EDT] 0000195b com.ibm.ws.tcpchannel.internal.TCPChannel                    I CWWKO0220I: TCP Channel defaultHttpEndpoint has stopped listening for requests on host 127.0.0.1  (IPv4: 127.0.0.1) port 9080.
[8/9/24, 22:33:46:836 EDT] 0000195b com.ibm.ws.http.internal.VirtualHostImpl                     A CWWKT0017I: Web application removed (default_host): http://localhost:9080/PlantsByWebSphere/
[8/9/24, 22:33:46:837 EDT] 000018d5 com.ibm.ws.tcpchannel.internal.TCPChannel                    I CWWKO0220I: TCP Channel wasJmsEndpoint341-ssl has stopped listening for requests on host 127.0.0.1  (IPv4: 127.0.0.1) port 7286.
[8/9/24, 22:33:46:850 EDT] 00001972 .jbatch.container.services.impl.MemoryPersistenceManagerImpl I CWWKY0005I: The batch In-Memory persistence service is activated.
[8/9/24, 22:33:46:851 EDT] 00001972 com.ibm.jbatch.container.impl.BatchKernelImpl                I CWWKY0008I: The batch feature is using persistence type In-Memory.
[8/9/24, 22:33:47:842 EDT] 00001972 com.ibm.ws.runtime.update.internal.RuntimeUpdateManagerImpl  I CWWKE1101I: Server quiesce complete.
[8/9/24, 22:33:47:912 EDT] 000015b2 com.ibm.ws.webcontainer.servlet                              I SRVE0253I: [PlantsByWebSphere] [/PlantsByWebSphere] [FacesServlet]: Destroy successful.
[8/9/24, 22:33:47:918 EDT] 000015b2 com.ibm.ws.ejbcontainer.osgi.internal.EJBRuntimeImpl         I CNTR4003I: The PlantsByWebSphere.war EJB module in the PlantsByWebSphere application is stopping.
[8/9/24, 22:33:47:920 EDT] 000015b2 com.ibm.ws.ejbcontainer.osgi.internal.EJBRuntimeImpl         I CNTR4004I: The PlantsByWebSphere.war EJB module in the PlantsByWebSphere application has stopped successfully.
[8/9/24, 22:33:47:926 EDT] 000015b2 eclipselink.connection                                       I CWWJP9990I: [eclipselink.connection] PlantsByWebSphere/file:/D:/GitHub/plants4was/sample.plantsbywebsphere/build/wlp/usr/servers/PlantsByWebSphereServer/apps/expanded/PlantsByWebSphere.war/WEB-INF/classes/_PBW logout successful
[8/9/24, 22:33:47:936 EDT] 000015b2 com.ibm.ws.app.manager.AppMessageHelper                      A CWWKZ0009I: The application PlantsByWebSphere has stopped successfully.
[8/9/24, 22:33:47:958 EDT] 00001972 .jbatch.container.services.impl.MemoryPersistenceManagerImpl I CWWKY0005I: The batch In-Memory persistence service is deactivated.
[8/9/24, 22:33:47:982 EDT] 00001975 org.apache.yoko.orb.OCI.Transport                            I shutdown: iiop transport using socket Socket[addr=/127.0.0.1,port=52236,localport=2809]
[8/9/24, 22:33:47:989 EDT] 00001976 org.apache.yoko.orb.OCI.Transport                            I shutdown: iiop transport using socket Socket[addr=/127.0.0.1,port=52237,localport=9402]
[8/9/24, 22:33:48:002 EDT] 00001972 com.ibm.ws.transport.iiop.internal.ORBWrapperInternal        A CWWKI0002I: The CORBA name server is no longer available at corbaloc:iiop:localhost:2809/NameService.
[8/9/24, 22:33:48:304 EDT] 00001972 com.ibm.tx.jta.impl.FailureScopeController                   A WTRN0105I: The transaction service has shutdown successfully with no transactions requiring recovery.
[8/9/24, 22:33:48:354 EDT] 00001972 com.ibm.ws.sib.utils.ras.SibMessage                          I  CWSIS1589I: The file store has stopped successfully.
[8/9/24, 22:33:48:566 EDT] 00001972 com.ibm.ws.sib.utils.ras.SibMessage                          I  CWSID0121I: JMS server stopped.  
[8/9/24, 22:33:48:645 EDT] 00001972 org.apache.cxf.bus.osgi.CXFActivator                         I Removing the extensions for bundle 194
[8/9/24, 22:33:48:645 EDT] 00001972 org.apache.cxf.bus.osgi.CXFActivator                         I Removing the extensions for bundle 201
[8/9/24, 22:33:48:645 EDT] 00001972 org.apache.cxf.bus.osgi.CXFActivator                         I Removing the extensions for bundle 203
[8/9/24, 22:33:48:646 EDT] 00001972 org.apache.cxf.bus.osgi.CXFActivator                         I Removing the extensions for bundle 205
[8/9/24, 22:33:48:646 EDT] 00001972 org.apache.cxf.bus.osgi.CXFActivator                         I Removing the extensions for bundle 210
[8/9/24, 22:33:48:646 EDT] 00001972 org.apache.cxf.bus.osgi.CXFActivator                         I Removing the extensions for bundle 212
[8/9/24, 22:33:48:646 EDT] 00001972 org.apache.cxf.bus.osgi.CXFActivator                         I Removing the extensions for bundle 190
[8/9/24, 22:33:48:650 EDT] 00001972 com.ibm.ws.security.ready.internal.SecurityReadyServiceImpl  I CWWKS0009I: The security service has stopped.
[8/9/24, 22:33:48:656 EDT] 00001972 ibm.ws.security.authentication.internal.jaas.JAASServiceImpl I CWWKS1124I: The collective authentication plugin with class name NullCollectiveAuthenticationPlugin has been deactivated. 
[8/9/24, 22:33:48:960 EDT] 00000001 com.ibm.ws.kernel.launch.internal.FrameworkManager           A CWWKE0036I: The server PlantsByWebSphereServer stopped after 4 hours, 14 minutes, 10.403 seconds.
